<?xml version="1.0" encoding="UTF-8"?>
<!-- Generated by org.testng.reporters.JUnitXMLReporter -->
<testsuite hostname="Afsanas-MacBook-Pro.local" failures="1" tests="3" name="Booking.com Regression Test Suite" time="35.574" errors="0" timestamp="18 Aug 2020 00:26:03 GMT">
  <testcase classname="test_signIn.LoginWithInvalidCredentialUsingEmailTest" name="loginWithInValidCredentialUsingEmailTest" time="2.72"/>
  <testcase classname="test_signIn.LoginWithValidCredentialUsingEmail" name="loginWithValidCredentialUsingEmailTest" time="6.059"/>
  <testcase classname="Register_Test.Register_Test_with_valid_credentials" name="register_test_with_valid_credential" time="14.044">
    <failure type="org.openqa.selenium.NoSuchElementException" message="Cannot locate an element using xpath=//*[@id=&amp;quot;password&amp;quot;]
For documentation on this error, please visit: https://www.seleniumhq.org/exceptions/no_such_element.html
Build info: version: &amp;apos;3.141.59&amp;apos;, revision: &amp;apos;e82be7d358&amp;apos;, time: &amp;apos;2018-11-14T08:25:48&amp;apos;
System info: host: &amp;apos;Afsanas-MacBook-Pro.local&amp;apos;, ip: &amp;apos;2601:48:c504:fd0:7928:3413:b313:cdf%en0&amp;apos;, os.name: &amp;apos;Mac OS X&amp;apos;, os.arch: &amp;apos;x86_64&amp;apos;, os.version: &amp;apos;10.15.5&amp;apos;, java.version: &amp;apos;14.0.1&amp;apos;
Driver info: driver.version: RemoteWebDriver">
      <![CDATA[org.openqa.selenium.NoSuchElementException: Cannot locate an element using xpath=//*[@id="password"]
For documentation on this error, please visit: https://www.seleniumhq.org/exceptions/no_such_element.html
Build info: version: '3.141.59', revision: 'e82be7d358', time: '2018-11-14T08:25:48'
System info: host: 'Afsanas-MacBook-Pro.local', ip: '2601:48:c504:fd0:7928:3413:b313:cdf%en0', os.name: 'Mac OS X', os.arch: 'x86_64', os.version: '10.15.5', java.version: '14.0.1'
Driver info: driver.version: RemoteWebDriver
	at org.openqa.selenium.remote.RemoteWebDriver.findElement(RemoteWebDriver.java:327)
	at org.openqa.selenium.remote.RemoteWebDriver.findElementByXPath(RemoteWebDriver.java:428)
	at org.openqa.selenium.By$ByXPath.findElement(By.java:353)
	at org.openqa.selenium.remote.RemoteWebDriver.findElement(RemoteWebDriver.java:315)
	at base.WDFunctions.typeByXpath(WDFunctions.java:22)
	at Register_Test.Register_Test_with_valid_credentials.register_test_with_valid_credential(Register_Test_with_valid_credentials.java:21)
... Removed 23 stack frames]]>
    </failure>
  </testcase> <!-- register_test_with_valid_credential -->
</testsuite> <!-- Booking.com Regression Test Suite -->
