<?xml version="1.0" encoding="UTF-8"?>
<testng-results skipped="1" failed="0" ignored="0" total="1" passed="0">
  <reporter-output>
  </reporter-output>
  <suite name="Default suite" duration-ms="2876" started-at="2020-08-26T01:56:30 EDT" finished-at="2020-08-26T01:56:33 EDT">
    <groups>
    </groups>
    <test name="Default test" duration-ms="2876" started-at="2020-08-26T01:56:30 EDT" finished-at="2020-08-26T01:56:33 EDT">
      <class name="test_signIn.LoginWithValidCredentialUsingEmail">
        <test-method status="PASS" signature="startTestSuite()[pri:0, instance:test_signIn.LoginWithValidCredentialUsingEmail@2b552920]" name="startTestSuite" is-config="true" duration-ms="25" started-at="2020-08-26T01:56:30 EDT" finished-at="2020-08-26T01:56:30 EDT">
          <reporter-output>
          </reporter-output>
        </test-method> <!-- startTestSuite -->
        <test-method status="FAIL" signature="beforeEachTestMethod()[pri:0, instance:test_signIn.LoginWithValidCredentialUsingEmail@2b552920]" name="beforeEachTestMethod" is-config="true" duration-ms="2843" started-at="2020-08-26T01:56:30 EDT" finished-at="2020-08-26T01:56:33 EDT">
          <exception class="org.openqa.selenium.SessionNotCreatedException">
            <message>
              <![CDATA[session not created: This version of ChromeDriver only supports Chrome version 83
Build info: version: '3.141.59', revision: 'e82be7d358', time: '2018-11-14T08:25:48'
System info: host: 'Afsanas-MacBook-Pro.local', ip: '2601:48:c504:fd0:c123:2318:d621:9b48%en0', os.name: 'Mac OS X', os.arch: 'x86_64', os.version: '10.15.5', java.version: '1.8.0_241'
Driver info: driver.version: ChromeDriver
remote stacktrace: 0   chromedriver                        0x00000001014bee99 chromedriver + 4808345
1   chromedriver                        0x00000001014595f3 chromedriver + 4392435
2   chromedriver                        0x00000001010e529d chromedriver + 770717
3   chromedriver                        0x0000000101042689 chromedriver + 104073
4   chromedriver                        0x000000010103e940 chromedriver + 88384
5   chromedriver                        0x000000010103bc99 chromedriver + 76953
6   chromedriver                        0x000000010106dfa3 chromedriver + 282531
7   chromedriver                        0x000000010106ada3 chromedriver + 269731
8   chromedriver                        0x00000001010448dd chromedriver + 112861
9   chromedriver                        0x0000000101045875 chromedriver + 116853
10  chromedriver                        0x000000010148147f chromedriver + 4555903
11  chromedriver                        0x000000010148e77a chromedriver + 4609914
12  chromedriver                        0x000000010148e509 chromedriver + 4609289
13  chromedriver                        0x0000000101465319 chromedriver + 4440857
14  chromedriver                        0x000000010148ed03 chromedriver + 4611331
15  chromedriver                        0x0000000101477083 chromedriver + 4513923
16  chromedriver                        0x00000001014a5454 chromedriver + 4703316
17  chromedriver                        0x00000001014c4f57 chromedriver + 4833111
18  libsystem_pthread.dylib             0x00007fff71aba109 _pthread_start + 148
19  libsystem_pthread.dylib             0x00007fff71ab5b8b thread_start + 15
]]>
            </message>
            <full-stacktrace>
              <![CDATA[org.openqa.selenium.SessionNotCreatedException: session not created: This version of ChromeDriver only supports Chrome version 83
Build info: version: '3.141.59', revision: 'e82be7d358', time: '2018-11-14T08:25:48'
System info: host: 'Afsanas-MacBook-Pro.local', ip: '2601:48:c504:fd0:c123:2318:d621:9b48%en0', os.name: 'Mac OS X', os.arch: 'x86_64', os.version: '10.15.5', java.version: '1.8.0_241'
Driver info: driver.version: ChromeDriver
remote stacktrace: 0   chromedriver                        0x00000001014bee99 chromedriver + 4808345
1   chromedriver                        0x00000001014595f3 chromedriver + 4392435
2   chromedriver                        0x00000001010e529d chromedriver + 770717
3   chromedriver                        0x0000000101042689 chromedriver + 104073
4   chromedriver                        0x000000010103e940 chromedriver + 88384
5   chromedriver                        0x000000010103bc99 chromedriver + 76953
6   chromedriver                        0x000000010106dfa3 chromedriver + 282531
7   chromedriver                        0x000000010106ada3 chromedriver + 269731
8   chromedriver                        0x00000001010448dd chromedriver + 112861
9   chromedriver                        0x0000000101045875 chromedriver + 116853
10  chromedriver                        0x000000010148147f chromedriver + 4555903
11  chromedriver                        0x000000010148e77a chromedriver + 4609914
12  chromedriver                        0x000000010148e509 chromedriver + 4609289
13  chromedriver                        0x0000000101465319 chromedriver + 4440857
14  chromedriver                        0x000000010148ed03 chromedriver + 4611331
15  chromedriver                        0x0000000101477083 chromedriver + 4513923
16  chromedriver                        0x00000001014a5454 chromedriver + 4703316
17  chromedriver                        0x00000001014c4f57 chromedriver + 4833111
18  libsystem_pthread.dylib             0x00007fff71aba109 _pthread_start + 148
19  libsystem_pthread.dylib             0x00007fff71ab5b8b thread_start + 15

at sun.reflect.NativeConstructorAccessorImpl.newInstance0(Native Method)
at sun.reflect.NativeConstructorAccessorImpl.newInstance(NativeConstructorAccessorImpl.java:62)
at sun.reflect.DelegatingConstructorAccessorImpl.newInstance(DelegatingConstructorAccessorImpl.java:45)
at java.lang.reflect.Constructor.newInstance(Constructor.java:423)
at org.openqa.selenium.remote.W3CHandshakeResponse.lambda$errorHandler$0(W3CHandshakeResponse.java:62)
at org.openqa.selenium.remote.HandshakeResponse.lambda$getResponseFunction$0(HandshakeResponse.java:30)
at org.openqa.selenium.remote.ProtocolHandshake.lambda$createSession$0(ProtocolHandshake.java:126)
at java.util.stream.ReferencePipeline$3$1.accept(ReferencePipeline.java:193)
at java.util.Spliterators$ArraySpliterator.tryAdvance(Spliterators.java:958)
at java.util.stream.ReferencePipeline.forEachWithCancel(ReferencePipeline.java:126)
at java.util.stream.AbstractPipeline.copyIntoWithCancel(AbstractPipeline.java:499)
at java.util.stream.AbstractPipeline.copyInto(AbstractPipeline.java:486)
at java.util.stream.AbstractPipeline.wrapAndCopyInto(AbstractPipeline.java:472)
at java.util.stream.FindOps$FindOp.evaluateSequential(FindOps.java:152)
at java.util.stream.AbstractPipeline.evaluate(AbstractPipeline.java:234)
at java.util.stream.ReferencePipeline.findFirst(ReferencePipeline.java:464)
at org.openqa.selenium.remote.ProtocolHandshake.createSession(ProtocolHandshake.java:128)
at org.openqa.selenium.remote.ProtocolHandshake.createSession(ProtocolHandshake.java:74)
at org.openqa.selenium.remote.HttpCommandExecutor.execute(HttpCommandExecutor.java:136)
at org.openqa.selenium.remote.service.DriverCommandExecutor.execute(DriverCommandExecutor.java:83)
at org.openqa.selenium.remote.RemoteWebDriver.execute(RemoteWebDriver.java:552)
at org.openqa.selenium.remote.RemoteWebDriver.startSession(RemoteWebDriver.java:213)
at org.openqa.selenium.remote.RemoteWebDriver.<init>(RemoteWebDriver.java:131)
at org.openqa.selenium.chrome.ChromeDriver.<init>(ChromeDriver.java:181)
at org.openqa.selenium.chrome.ChromeDriver.<init>(ChromeDriver.java:168)
at org.openqa.selenium.chrome.ChromeDriver.<init>(ChromeDriver.java:123)
at base.Config.beforeEachTestMethod(Config.java:23)
at sun.reflect.NativeMethodAccessorImpl.invoke0(Native Method)
at sun.reflect.NativeMethodAccessorImpl.invoke(NativeMethodAccessorImpl.java:62)
at sun.reflect.DelegatingMethodAccessorImpl.invoke(DelegatingMethodAccessorImpl.java:43)
at java.lang.reflect.Method.invoke(Method.java:498)
at org.testng.internal.MethodInvocationHelper.invokeMethod(MethodInvocationHelper.java:135)
at org.testng.internal.MethodInvocationHelper.invokeMethodConsideringTimeout(MethodInvocationHelper.java:64)
at org.testng.internal.ConfigInvoker.invokeConfigurationMethod(ConfigInvoker.java:364)
at org.testng.internal.ConfigInvoker.invokeConfigurations(ConfigInvoker.java:318)
at org.testng.internal.TestInvoker.runConfigMethods(TestInvoker.java:700)
at org.testng.internal.TestInvoker.invokeMethod(TestInvoker.java:527)
at org.testng.internal.TestInvoker.invokeTestMethod(TestInvoker.java:174)
at org.testng.internal.MethodRunner.runInSequence(MethodRunner.java:46)
at org.testng.internal.TestInvoker$MethodInvocationAgent.invoke(TestInvoker.java:821)
at org.testng.internal.TestInvoker.invokeTestMethods(TestInvoker.java:147)
at org.testng.internal.TestMethodWorker.invokeTestMethods(TestMethodWorker.java:146)
at org.testng.internal.TestMethodWorker.run(TestMethodWorker.java:128)
at java.util.ArrayList.forEach(ArrayList.java:1257)
at org.testng.TestRunner.privateRun(TestRunner.java:767)
at org.testng.TestRunner.run(TestRunner.java:588)
at org.testng.SuiteRunner.runTest(SuiteRunner.java:384)
at org.testng.SuiteRunner.runSequentially(SuiteRunner.java:378)
at org.testng.SuiteRunner.privateRun(SuiteRunner.java:337)
at org.testng.SuiteRunner.run(SuiteRunner.java:286)
at org.testng.SuiteRunnerWorker.runSuite(SuiteRunnerWorker.java:53)
at org.testng.SuiteRunnerWorker.run(SuiteRunnerWorker.java:96)
at org.testng.TestNG.runSuitesSequentially(TestNG.java:1214)
at org.testng.TestNG.runSuitesLocally(TestNG.java:1136)
at org.testng.TestNG.runSuites(TestNG.java:1066)
at org.testng.TestNG.run(TestNG.java:1034)
at org.testng.remote.AbstractRemoteTestNG.run(AbstractRemoteTestNG.java:115)
at org.testng.remote.RemoteTestNG.initAndRun(RemoteTestNG.java:251)
at org.testng.remote.RemoteTestNG.main(RemoteTestNG.java:77)
]]>
            </full-stacktrace>
          </exception> <!-- org.openqa.selenium.SessionNotCreatedException -->
          <reporter-output>
          </reporter-output>
        </test-method> <!-- beforeEachTestMethod -->
        <test-method status="SKIP" signature="loginWithValidCredentialUsingEmailTest()[pri:0, instance:test_signIn.LoginWithValidCredentialUsingEmail@2b552920]" name="loginWithValidCredentialUsingEmailTest" duration-ms="0" started-at="2020-08-26T01:56:33 EDT" finished-at="2020-08-26T01:56:33 EDT">
          <exception class="org.openqa.selenium.SessionNotCreatedException">
            <message>
              <![CDATA[session not created: This version of ChromeDriver only supports Chrome version 83
Build info: version: '3.141.59', revision: 'e82be7d358', time: '2018-11-14T08:25:48'
System info: host: 'Afsanas-MacBook-Pro.local', ip: '2601:48:c504:fd0:c123:2318:d621:9b48%en0', os.name: 'Mac OS X', os.arch: 'x86_64', os.version: '10.15.5', java.version: '1.8.0_241'
Driver info: driver.version: ChromeDriver
remote stacktrace: 0   chromedriver                        0x00000001014bee99 chromedriver + 4808345
1   chromedriver                        0x00000001014595f3 chromedriver + 4392435
2   chromedriver                        0x00000001010e529d chromedriver + 770717
3   chromedriver                        0x0000000101042689 chromedriver + 104073
4   chromedriver                        0x000000010103e940 chromedriver + 88384
5   chromedriver                        0x000000010103bc99 chromedriver + 76953
6   chromedriver                        0x000000010106dfa3 chromedriver + 282531
7   chromedriver                        0x000000010106ada3 chromedriver + 269731
8   chromedriver                        0x00000001010448dd chromedriver + 112861
9   chromedriver                        0x0000000101045875 chromedriver + 116853
10  chromedriver                        0x000000010148147f chromedriver + 4555903
11  chromedriver                        0x000000010148e77a chromedriver + 4609914
12  chromedriver                        0x000000010148e509 chromedriver + 4609289
13  chromedriver                        0x0000000101465319 chromedriver + 4440857
14  chromedriver                        0x000000010148ed03 chromedriver + 4611331
15  chromedriver                        0x0000000101477083 chromedriver + 4513923
16  chromedriver                        0x00000001014a5454 chromedriver + 4703316
17  chromedriver                        0x00000001014c4f57 chromedriver + 4833111
18  libsystem_pthread.dylib             0x00007fff71aba109 _pthread_start + 148
19  libsystem_pthread.dylib             0x00007fff71ab5b8b thread_start + 15
]]>
            </message>
            <full-stacktrace>
              <![CDATA[org.openqa.selenium.SessionNotCreatedException: session not created: This version of ChromeDriver only supports Chrome version 83
Build info: version: '3.141.59', revision: 'e82be7d358', time: '2018-11-14T08:25:48'
System info: host: 'Afsanas-MacBook-Pro.local', ip: '2601:48:c504:fd0:c123:2318:d621:9b48%en0', os.name: 'Mac OS X', os.arch: 'x86_64', os.version: '10.15.5', java.version: '1.8.0_241'
Driver info: driver.version: ChromeDriver
remote stacktrace: 0   chromedriver                        0x00000001014bee99 chromedriver + 4808345
1   chromedriver                        0x00000001014595f3 chromedriver + 4392435
2   chromedriver                        0x00000001010e529d chromedriver + 770717
3   chromedriver                        0x0000000101042689 chromedriver + 104073
4   chromedriver                        0x000000010103e940 chromedriver + 88384
5   chromedriver                        0x000000010103bc99 chromedriver + 76953
6   chromedriver                        0x000000010106dfa3 chromedriver + 282531
7   chromedriver                        0x000000010106ada3 chromedriver + 269731
8   chromedriver                        0x00000001010448dd chromedriver + 112861
9   chromedriver                        0x0000000101045875 chromedriver + 116853
10  chromedriver                        0x000000010148147f chromedriver + 4555903
11  chromedriver                        0x000000010148e77a chromedriver + 4609914
12  chromedriver                        0x000000010148e509 chromedriver + 4609289
13  chromedriver                        0x0000000101465319 chromedriver + 4440857
14  chromedriver                        0x000000010148ed03 chromedriver + 4611331
15  chromedriver                        0x0000000101477083 chromedriver + 4513923
16  chromedriver                        0x00000001014a5454 chromedriver + 4703316
17  chromedriver                        0x00000001014c4f57 chromedriver + 4833111
18  libsystem_pthread.dylib             0x00007fff71aba109 _pthread_start + 148
19  libsystem_pthread.dylib             0x00007fff71ab5b8b thread_start + 15

at sun.reflect.NativeConstructorAccessorImpl.newInstance0(Native Method)
at sun.reflect.NativeConstructorAccessorImpl.newInstance(NativeConstructorAccessorImpl.java:62)
at sun.reflect.DelegatingConstructorAccessorImpl.newInstance(DelegatingConstructorAccessorImpl.java:45)
at java.lang.reflect.Constructor.newInstance(Constructor.java:423)
at org.openqa.selenium.remote.W3CHandshakeResponse.lambda$errorHandler$0(W3CHandshakeResponse.java:62)
at org.openqa.selenium.remote.HandshakeResponse.lambda$getResponseFunction$0(HandshakeResponse.java:30)
at org.openqa.selenium.remote.ProtocolHandshake.lambda$createSession$0(ProtocolHandshake.java:126)
at java.util.stream.ReferencePipeline$3$1.accept(ReferencePipeline.java:193)
at java.util.Spliterators$ArraySpliterator.tryAdvance(Spliterators.java:958)
at java.util.stream.ReferencePipeline.forEachWithCancel(ReferencePipeline.java:126)
at java.util.stream.AbstractPipeline.copyIntoWithCancel(AbstractPipeline.java:499)
at java.util.stream.AbstractPipeline.copyInto(AbstractPipeline.java:486)
at java.util.stream.AbstractPipeline.wrapAndCopyInto(AbstractPipeline.java:472)
at java.util.stream.FindOps$FindOp.evaluateSequential(FindOps.java:152)
at java.util.stream.AbstractPipeline.evaluate(AbstractPipeline.java:234)
at java.util.stream.ReferencePipeline.findFirst(ReferencePipeline.java:464)
at org.openqa.selenium.remote.ProtocolHandshake.createSession(ProtocolHandshake.java:128)
at org.openqa.selenium.remote.ProtocolHandshake.createSession(ProtocolHandshake.java:74)
at org.openqa.selenium.remote.HttpCommandExecutor.execute(HttpCommandExecutor.java:136)
at org.openqa.selenium.remote.service.DriverCommandExecutor.execute(DriverCommandExecutor.java:83)
at org.openqa.selenium.remote.RemoteWebDriver.execute(RemoteWebDriver.java:552)
at org.openqa.selenium.remote.RemoteWebDriver.startSession(RemoteWebDriver.java:213)
at org.openqa.selenium.remote.RemoteWebDriver.<init>(RemoteWebDriver.java:131)
at org.openqa.selenium.chrome.ChromeDriver.<init>(ChromeDriver.java:181)
at org.openqa.selenium.chrome.ChromeDriver.<init>(ChromeDriver.java:168)
at org.openqa.selenium.chrome.ChromeDriver.<init>(ChromeDriver.java:123)
at base.Config.beforeEachTestMethod(Config.java:23)
at sun.reflect.NativeMethodAccessorImpl.invoke0(Native Method)
at sun.reflect.NativeMethodAccessorImpl.invoke(NativeMethodAccessorImpl.java:62)
at sun.reflect.DelegatingMethodAccessorImpl.invoke(DelegatingMethodAccessorImpl.java:43)
at java.lang.reflect.Method.invoke(Method.java:498)
at org.testng.internal.MethodInvocationHelper.invokeMethod(MethodInvocationHelper.java:135)
at org.testng.internal.MethodInvocationHelper.invokeMethodConsideringTimeout(MethodInvocationHelper.java:64)
at org.testng.internal.ConfigInvoker.invokeConfigurationMethod(ConfigInvoker.java:364)
at org.testng.internal.ConfigInvoker.invokeConfigurations(ConfigInvoker.java:318)
at org.testng.internal.TestInvoker.runConfigMethods(TestInvoker.java:700)
at org.testng.internal.TestInvoker.invokeMethod(TestInvoker.java:527)
at org.testng.internal.TestInvoker.invokeTestMethod(TestInvoker.java:174)
at org.testng.internal.MethodRunner.runInSequence(MethodRunner.java:46)
at org.testng.internal.TestInvoker$MethodInvocationAgent.invoke(TestInvoker.java:821)
at org.testng.internal.TestInvoker.invokeTestMethods(TestInvoker.java:147)
at org.testng.internal.TestMethodWorker.invokeTestMethods(TestMethodWorker.java:146)
at org.testng.internal.TestMethodWorker.run(TestMethodWorker.java:128)
at java.util.ArrayList.forEach(ArrayList.java:1257)
at org.testng.TestRunner.privateRun(TestRunner.java:767)
at org.testng.TestRunner.run(TestRunner.java:588)
at org.testng.SuiteRunner.runTest(SuiteRunner.java:384)
at org.testng.SuiteRunner.runSequentially(SuiteRunner.java:378)
at org.testng.SuiteRunner.privateRun(SuiteRunner.java:337)
at org.testng.SuiteRunner.run(SuiteRunner.java:286)
at org.testng.SuiteRunnerWorker.runSuite(SuiteRunnerWorker.java:53)
at org.testng.SuiteRunnerWorker.run(SuiteRunnerWorker.java:96)
at org.testng.TestNG.runSuitesSequentially(TestNG.java:1214)
at org.testng.TestNG.runSuitesLocally(TestNG.java:1136)
at org.testng.TestNG.runSuites(TestNG.java:1066)
at org.testng.TestNG.run(TestNG.java:1034)
at org.testng.remote.AbstractRemoteTestNG.run(AbstractRemoteTestNG.java:115)
at org.testng.remote.RemoteTestNG.initAndRun(RemoteTestNG.java:251)
at org.testng.remote.RemoteTestNG.main(RemoteTestNG.java:77)
]]>
            </full-stacktrace>
          </exception> <!-- org.openqa.selenium.SessionNotCreatedException -->
          <reporter-output>
          </reporter-output>
        </test-method> <!-- loginWithValidCredentialUsingEmailTest -->
        <test-method status="SKIP" signature="afterEachTestMethod()[pri:0, instance:test_signIn.LoginWithValidCredentialUsingEmail@2b552920]" name="afterEachTestMethod" is-config="true" duration-ms="-1598421393799" started-at="2020-08-26T01:56:33 EDT" finished-at="1969-12-31T19:00:00 EST">
          <reporter-output>
          </reporter-output>
        </test-method> <!-- afterEachTestMethod -->
        <test-method status="PASS" signature="tearDown()[pri:0, instance:test_signIn.LoginWithValidCredentialUsingEmail@2b552920]" name="tearDown" is-config="true" duration-ms="0" started-at="2020-08-26T01:56:33 EDT" finished-at="2020-08-26T01:56:33 EDT">
          <reporter-output>
          </reporter-output>
        </test-method> <!-- tearDown -->
      </class> <!-- test_signIn.LoginWithValidCredentialUsingEmail -->
    </test> <!-- Default test -->
  </suite> <!-- Default suite -->
</testng-results>
