<?xml version="1.0" encoding="UTF-8"?>
<!-- Generated by org.testng.reporters.JUnitReportReporter -->
<testsuite skipped="2" hostname="Afsanas-MacBook-Pro.local" name="annotation_framework_classwork.PriorityTryCatchDisable" tests="6" failures="0" timestamp="2020-07-02T23:20:42 EDT" time="0.006" errors="2">
  <testcase name="signUpFbTest" time="0.000" classname="annotation_framework_classwork.PriorityTryCatchDisable">
    <error type="java.lang.Error" message="Unresolved compilation problems: 
	frameLoc1 cannot be resolved to a variable
	frameVal1 cannot be resolved to a variable
	frameLoc cannot be resolved to a variable
	frameVal cannot be resolved to a variable
">
      <![CDATA[java.lang.Error: Unresolved compilation problems: 
frameLoc1 cannot be resolved to a variable
frameVal1 cannot be resolved to a variable
frameLoc cannot be resolved to a variable
frameVal cannot be resolved to a variable

at annotation_framework_classwork.PriorityTryCatchDisable.signUpFbTest(PriorityTryCatchDisable.java:27)
at sun.reflect.NativeMethodAccessorImpl.invoke0(Native Method)
at sun.reflect.NativeMethodAccessorImpl.invoke(NativeMethodAccessorImpl.java:62)
at sun.reflect.DelegatingMethodAccessorImpl.invoke(DelegatingMethodAccessorImpl.java:43)
at java.lang.reflect.Method.invoke(Method.java:498)
at org.testng.internal.MethodInvocationHelper.invokeMethod(MethodInvocationHelper.java:135)
at org.testng.internal.TestInvoker.invokeMethod(TestInvoker.java:598)
at org.testng.internal.TestInvoker.invokeTestMethod(TestInvoker.java:174)
at org.testng.internal.MethodRunner.runInSequence(MethodRunner.java:46)
at org.testng.internal.TestInvoker$MethodInvocationAgent.invoke(TestInvoker.java:821)
at org.testng.internal.TestInvoker.invokeTestMethods(TestInvoker.java:147)
at org.testng.internal.TestMethodWorker.invokeTestMethods(TestMethodWorker.java:146)
at org.testng.internal.TestMethodWorker.run(TestMethodWorker.java:128)
at java.util.ArrayList.forEach(ArrayList.java:1257)
at org.testng.TestRunner.privateRun(TestRunner.java:767)
at org.testng.TestRunner.run(TestRunner.java:588)
at org.testng.SuiteRunner.runTest(SuiteRunner.java:384)
at org.testng.SuiteRunner.runSequentially(SuiteRunner.java:378)
at org.testng.SuiteRunner.privateRun(SuiteRunner.java:337)
at org.testng.SuiteRunner.run(SuiteRunner.java:286)
at org.testng.SuiteRunnerWorker.runSuite(SuiteRunnerWorker.java:53)
at org.testng.SuiteRunnerWorker.run(SuiteRunnerWorker.java:96)
at org.testng.TestNG.runSuitesSequentially(TestNG.java:1214)
at org.testng.TestNG.runSuitesLocally(TestNG.java:1136)
at org.testng.TestNG.runSuites(TestNG.java:1066)
at org.testng.TestNG.run(TestNG.java:1034)
at org.testng.remote.AbstractRemoteTestNG.run(AbstractRemoteTestNG.java:115)
at org.testng.remote.RemoteTestNG.initAndRun(RemoteTestNG.java:251)
at org.testng.remote.RemoteTestNG.main(RemoteTestNG.java:77)
]]>
    </error>
  </testcase> <!-- signUpFbTest -->
  <system-out/>
  <testcase name="loginTest" time="0.001" classname="annotation_framework_classwork.PriorityTryCatchDisable">
    <error type="java.lang.Error" message="Unresolved compilation problems: 
	frameLoc1 cannot be resolved to a variable
	frameVal1 cannot be resolved to a variable
	frameLoc cannot be resolved to a variable
	frameVal1 cannot be resolved to a variable
">
      <![CDATA[java.lang.Error: Unresolved compilation problems: 
frameLoc1 cannot be resolved to a variable
frameVal1 cannot be resolved to a variable
frameLoc cannot be resolved to a variable
frameVal1 cannot be resolved to a variable

at annotation_framework_classwork.PriorityTryCatchDisable.loginTest(PriorityTryCatchDisable.java:14)
at sun.reflect.NativeMethodAccessorImpl.invoke0(Native Method)
at sun.reflect.NativeMethodAccessorImpl.invoke(NativeMethodAccessorImpl.java:62)
at sun.reflect.DelegatingMethodAccessorImpl.invoke(DelegatingMethodAccessorImpl.java:43)
at java.lang.reflect.Method.invoke(Method.java:498)
at org.testng.internal.MethodInvocationHelper.invokeMethod(MethodInvocationHelper.java:135)
at org.testng.internal.TestInvoker.invokeMethod(TestInvoker.java:598)
at org.testng.internal.TestInvoker.invokeTestMethod(TestInvoker.java:174)
at org.testng.internal.MethodRunner.runInSequence(MethodRunner.java:46)
at org.testng.internal.TestInvoker$MethodInvocationAgent.invoke(TestInvoker.java:821)
at org.testng.internal.TestInvoker.invokeTestMethods(TestInvoker.java:147)
at org.testng.internal.TestMethodWorker.invokeTestMethods(TestMethodWorker.java:146)
at org.testng.internal.TestMethodWorker.run(TestMethodWorker.java:128)
at java.util.ArrayList.forEach(ArrayList.java:1257)
at org.testng.TestRunner.privateRun(TestRunner.java:767)
at org.testng.TestRunner.run(TestRunner.java:588)
at org.testng.SuiteRunner.runTest(SuiteRunner.java:384)
at org.testng.SuiteRunner.runSequentially(SuiteRunner.java:378)
at org.testng.SuiteRunner.privateRun(SuiteRunner.java:337)
at org.testng.SuiteRunner.run(SuiteRunner.java:286)
at org.testng.SuiteRunnerWorker.runSuite(SuiteRunnerWorker.java:53)
at org.testng.SuiteRunnerWorker.run(SuiteRunnerWorker.java:96)
at org.testng.TestNG.runSuitesSequentially(TestNG.java:1214)
at org.testng.TestNG.runSuitesLocally(TestNG.java:1136)
at org.testng.TestNG.runSuites(TestNG.java:1066)
at org.testng.TestNG.run(TestNG.java:1034)
at org.testng.remote.AbstractRemoteTestNG.run(AbstractRemoteTestNG.java:115)
at org.testng.remote.RemoteTestNG.initAndRun(RemoteTestNG.java:251)
at org.testng.remote.RemoteTestNG.main(RemoteTestNG.java:77)
]]>
    </error>
  </testcase> <!-- loginTest -->
  <system-out/>
  <testcase name="logoutTest" time="0.001" classname="annotation_framework_classwork.PriorityTryCatchDisable"/>
  <system-out/>
  <testcase name="skipTest" time="0.001" classname="annotation_framework_classwork.PriorityTryCatchDisable">
    <skipped/>
  </testcase> <!-- skipTest -->
  <system-out/>
  <testcase name="tryCatchTest" time="0.003" classname="annotation_framework_classwork.PriorityTryCatchDisable"/>
  <system-out/>
  <testcase name="disableTest" classname="annotation_framework_classwork.PriorityTryCatchDisable">
    <skipped/>
  </testcase> <!-- disableTest -->
  <system-out/>
</testsuite> <!-- annotation_framework_classwork.PriorityTryCatchDisable -->
